c:\users\student\documents\visual studio 2015\projects\制作実践_03\3dオンゲー\debug\vc140.pdb
c:\users\student\documents\visual studio 2015\projects\制作実践_03\3dオンゲー\debug\vc140.idb
c:\users\student\documents\visual studio 2015\projects\制作実践_03\3dオンゲー\debug\input.obj
c:\users\student\documents\visual studio 2015\projects\制作実践_03\3dオンゲー\debug\keyinput.obj
c:\users\student\documents\visual studio 2015\projects\制作実践_03\3dオンゲー\debug\light.obj
c:\users\student\documents\visual studio 2015\projects\制作実践_03\3dオンゲー\debug\main.obj
c:\users\student\documents\visual studio 2015\projects\制作実践_03\3dオンゲー\debug\manager.obj
c:\users\student\documents\visual studio 2015\projects\制作実践_03\3dオンゲー\debug\meshfloo.obj
c:\users\student\documents\visual studio 2015\projects\制作実践_03\3dオンゲー\debug\model.obj
c:\users\student\documents\visual studio 2015\projects\制作実践_03\3dオンゲー\debug\motion.obj
c:\users\student\documents\visual studio 2015\projects\制作実践_03\3dオンゲー\debug\player.obj
c:\users\student\documents\visual studio 2015\projects\制作実践_03\3dオンゲー\debug\mouseinput.obj
c:\users\student\documents\visual studio 2015\projects\制作実践_03\3dオンゲー\debug\playerbullet.obj
c:\users\student\documents\visual studio 2015\projects\制作実践_03\3dオンゲー\debug\renderer.obj
c:\users\student\documents\visual studio 2015\projects\制作実践_03\3dオンゲー\debug\scene.obj
c:\users\student\documents\visual studio 2015\projects\制作実践_03\3dオンゲー\debug\scene2d.obj
c:\users\student\documents\visual studio 2015\projects\制作実践_03\3dオンゲー\debug\scene3d.obj
c:\users\student\documents\visual studio 2015\projects\制作実践_03\3dオンゲー\debug\singlemodel.obj
c:\users\student\documents\visual studio 2015\projects\制作実践_03\3dオンゲー\debug\tcp_client.obj
c:\users\student\documents\visual studio 2015\projects\制作実践_03\3dオンゲー\debug\texture.obj
c:\users\student\documents\visual studio 2015\projects\制作実践_03\3dオンゲー\debug\textureobj.obj
c:\users\student\documents\visual studio 2015\projects\制作実践_03\3dオンゲー\debug\xanimmodel.obj
c:\users\student\documents\visual studio 2015\projects\制作実践_03\3dオンゲー\debug\bilboardcpp.obj
c:\users\student\documents\visual studio 2015\projects\制作実践_03\3dオンゲー\debug\bullet.obj
c:\users\student\documents\visual studio 2015\projects\制作実践_03\3dオンゲー\debug\camera.obj
c:\users\student\documents\visual studio 2015\projects\制作実践_03\3dオンゲー\debug\communicationdata.obj
c:\users\student\documents\visual studio 2015\projects\制作実践_03\3dオンゲー\debug\enemy.obj
c:\users\student\documents\visual studio 2015\projects\制作実践_03\3dオンゲー\debug\enemybulletcpp.obj
c:\users\student\documents\visual studio 2015\projects\制作実践_03\3dオンゲー\debug\fade.obj
c:\users\student\documents\visual studio 2015\projects\制作実践_03\3dオンゲー\debug\game.obj
c:\users\student\documents\visual studio 2015\projects\制作実践_03\3dオンゲー\debug\gamepad.obj
c:\users\student\documents\visual studio 2015\projects\制作実践_03\3dオンゲー\debug\hierarchydata.obj
c:\users\student\documents\visual studio 2015\projects\制作実践_03\3dオンゲー\debug\3dオンゲー.exe
c:\users\student\documents\visual studio 2015\projects\制作実践_03\3dオンゲー\debug\3dオンゲー.tlog\cl.command.1.tlog
c:\users\student\documents\visual studio 2015\projects\制作実践_03\3dオンゲー\debug\3dオンゲー.tlog\cl.read.1.tlog
c:\users\student\documents\visual studio 2015\projects\制作実践_03\3dオンゲー\debug\3dオンゲー.tlog\cl.write.1.tlog
c:\users\student\documents\visual studio 2015\projects\制作実践_03\3dオンゲー\debug\3dオンゲー.tlog\link.command.1.tlog
c:\users\student\documents\visual studio 2015\projects\制作実践_03\3dオンゲー\debug\3dオンゲー.tlog\link.read.1.tlog
c:\users\student\documents\visual studio 2015\projects\制作実践_03\3dオンゲー\debug\3dオンゲー.tlog\link.write.1.tlog
