  player.cpp
  main.cpp
  home.cpp
  bullet.cpp
  コードを生成中...
  コンパイル中...
  pause.cpp
c:\users\student\documents\visual studio 2015\projects\2dゲーム制作応用\ねこのアクション\pause.cpp(40): warning C4244: '引数': 'int' から 'FLOAT' への変換です。データが失われる可能性があります。
  nostage04.cpp
  nostage03.cpp
  nostage02.cpp
  nostage01.cpp
  herd05.cpp
  herd04.cpp
  herd03.cpp
  hard02.cpp
  hard01.cpp
  esystage03.cpp
  esystage02.cpp
  esystage01.cpp
  enemy.cpp
c:\users\student\documents\visual studio 2015\projects\2dゲーム制作応用\ねこのアクション\enemy.cpp(183): warning C4244: '引数': 'double' から 'FLOAT' への変換です。データが失われる可能性があります。
c:\users\student\documents\visual studio 2015\projects\2dゲーム制作応用\ねこのアクション\enemy.cpp(184): warning C4244: '引数': 'double' から 'FLOAT' への変換です。データが失われる可能性があります。
c:\users\student\documents\visual studio 2015\projects\2dゲーム制作応用\ねこのアクション\enemy.cpp(185): warning C4244: '引数': 'double' から 'FLOAT' への変換です。データが失われる可能性があります。
c:\users\student\documents\visual studio 2015\projects\2dゲーム制作応用\ねこのアクション\enemy.cpp(186): warning C4244: '引数': 'double' から 'FLOAT' への変換です。データが失われる可能性があります。
c:\users\student\documents\visual studio 2015\projects\2dゲーム制作応用\ねこのアクション\enemy.cpp(190): warning C4244: '引数': 'double' から 'FLOAT' への変換です。データが失われる可能性があります。
c:\users\student\documents\visual studio 2015\projects\2dゲーム制作応用\ねこのアクション\enemy.cpp(191): warning C4244: '引数': 'double' から 'FLOAT' への変換です。データが失われる可能性があります。
c:\users\student\documents\visual studio 2015\projects\2dゲーム制作応用\ねこのアクション\enemy.cpp(192): warning C4244: '引数': 'double' から 'FLOAT' への変換です。データが失われる可能性があります。
c:\users\student\documents\visual studio 2015\projects\2dゲーム制作応用\ねこのアクション\enemy.cpp(193): warning C4244: '引数': 'double' から 'FLOAT' への変換です。データが失われる可能性があります。
  difficulty level.cpp
  コードを生成中...
  スキップ中... (関連する変更は検出されませんでした)
  trap.cpp
  title.cpp
  result.cpp
  operation.cpp
  life.cpp
  gameover.cpp
  block.cpp
  応用.01.vcxproj -> C:\Users\student\Documents\Visual Studio 2015\Projects\2Dゲーム制作応用\ねこのアクション\Debug\応用.01.exe
  応用.01.vcxproj -> C:\Users\student\Documents\Visual Studio 2015\Projects\2Dゲーム制作応用\ねこのアクション\Debug\応用.01.pdb (Full PDB)
